# JRE version: OpenJDK Runtime Environment (21.0.10+7) (build 21.0.10+7-Ubuntu-124.04)
# Java VM: OpenJDK 64-Bit Server VM (21.0.10+7-Ubuntu-124.04, mixed mode, sharing, tiered, compressed oops, compressed class ptrs, g1 gc, linux-amd64)
GC Precious Log:
 CardTable entry size: 512
 Card Set container configuration: InlinePtr #cards 4 size 8 Array Of Cards #cards 16 size 48 Howl #buckets 8 coarsen threshold 3686 Howl Bitmap #cards 512 size 80 coarsen threshold 460 Card regions per heap region 1 cards per card region 4096
 CPUs: 8 total, 8 available
 Memory: 15623M
 Large Page Support: Disabled
 NUMA Support: Disabled
 Compressed Oops: Enabled (Zero based)
 Heap Region Size: 2M
 Heap Min Capacity: 8M
 Heap Initial Capacity: 246M
 Heap Max Capacity: 3906M
 Pre-touch: Disabled
 Parallel Workers: 8
 Concurrent Workers: 2
 Concurrent Refinement Workers: 8
 Periodic GC: Disabled
Heap:
 garbage-first heap   total 1019904K, used 819081K [0x000000070be00000, 0x0000000800000000)
  region size 2048K, 239 young (489472K), 16 survivors (32768K)
 Metaspace       used 76953K, committed 77952K, reserved 1179648K
  class space    used 8742K, committed 9216K, reserved 1048576K
GC Heap History (20 events):
Event: 11.240 GC heap after
{Heap after GC invocations=33 (full 0):
 garbage-first heap   total 256000K, used 137602K [0x000000070be00000, 0x0000000800000000)
  region size 2048K, 7 young (14336K), 7 survivors (14336K)
 Metaspace       used 75853K, committed 76800K, reserved 1179648K
  class space    used 8697K, committed 9152K, reserved 1048576K
}
Event: 11.494 GC heap before
{Heap before GC invocations=33 (full 0):
 garbage-first heap   total 256000K, used 219522K [0x000000070be00000, 0x0000000800000000)
  region size 2048K, 47 young (96256K), 7 survivors (14336K)
 Metaspace       used 75871K, committed 76864K, reserved 1179648K
  class space    used 8697K, committed 9152K, reserved 1048576K
}
Event: 11.524 GC heap after
{Heap after GC invocations=34 (full 0):
 garbage-first heap   total 256000K, used 151649K [0x000000070be00000, 0x0000000800000000)
  region size 2048K, 6 young (12288K), 6 survivors (12288K)
 Metaspace       used 75871K, committed 76864K, reserved 1179648K
  class space    used 8697K, committed 9152K, reserved 1048576K
}
Event: 11.710 GC heap before
{Heap before GC invocations=34 (full 0):
 garbage-first heap   total 256000K, used 223329K [0x000000070be00000, 0x0000000800000000)
  region size 2048K, 41 young (83968K), 6 survivors (12288K)
 Metaspace       used 75875K, committed 76864K, reserved 1179648K
  class space    used 8697K, committed 9152K, reserved 1048576K
}
Event: 11.732 GC heap after
{Heap after GC invocations=35 (full 0):
 garbage-first heap   total 256000K, used 164240K [0x000000070be00000, 0x0000000800000000)
  region size 2048K, 6 young (12288K), 6 survivors (12288K)
 Metaspace       used 75875K, committed 76864K, reserved 1179648K
  class space    used 8697K, committed 9152K, reserved 1048576K
}
Event: 11.917 GC heap before
{Heap before GC invocations=35 (full 0):
 garbage-first heap   total 256000K, used 227728K [0x000000070be00000, 0x0000000800000000)
  region size 2048K, 37 young (75776K), 6 survivors (12288K)
 Metaspace       used 75905K, committed 76864K, reserved 1179648K
  class space    used 8697K, committed 9152K, reserved 1048576K
}
Event: 11.935 GC heap after
{Heap after GC invocations=36 (full 0):
 garbage-first heap   total 256000K, used 172568K [0x000000070be00000, 0x0000000800000000)
  region size 2048K, 5 young (10240K), 5 survivors (10240K)
 Metaspace       used 75905K, committed 76864K, reserved 1179648K
  class space    used 8697K, committed 9152K, reserved 1048576K
}
Event: 12.204 GC heap before
{Heap before GC invocations=37 (full 0):
 garbage-first heap   total 290816K, used 231960K [0x000000070be00000, 0x0000000800000000)
  region size 2048K, 34 young (69632K), 5 survivors (10240K)
 Metaspace       used 75913K, committed 76864K, reserved 1179648K
  class space    used 8697K, committed 9152K, reserved 1048576K
}
Event: 12.220 GC heap after
{Heap after GC invocations=38 (full 0):
 garbage-first heap   total 290816K, used 182187K [0x000000070be00000, 0x0000000800000000)
  region size 2048K, 5 young (10240K), 5 survivors (10240K)
 Metaspace       used 75913K, committed 76864K, reserved 1179648K
  class space    used 8697K, committed 9152K, reserved 1048576K
}
Event: 12.436 GC heap before
{Heap before GC invocations=38 (full 0):
 garbage-first heap   total 290816K, used 260011K [0x000000070be00000, 0x0000000800000000)
  region size 2048K, 43 young (88064K), 5 survivors (10240K)
 Metaspace       used 75920K, committed 76864K, reserved 1179648K
  class space    used 8697K, committed 9152K, reserved 1048576K
}
Event: 12.457 GC heap after
{Heap after GC invocations=39 (full 0):
 garbage-first heap   total 602112K, used 194098K [0x000000070be00000, 0x0000000800000000)
  region size 2048K, 6 young (12288K), 6 survivors (12288K)
 Metaspace       used 75920K, committed 76864K, reserved 1179648K
  class space    used 8697K, committed 9152K, reserved 1048576K
}
Event: 13.236 GC heap before
{Heap before GC invocations=39 (full 0):
 garbage-first heap   total 602112K, used 470578K [0x000000070be00000, 0x0000000800000000)
  region size 2048K, 141 young (288768K), 6 survivors (12288K)
 Metaspace       used 75953K, committed 76928K, reserved 1179648K
  class space    used 8698K, committed 9152K, reserved 1048576K
}
Event: 13.284 GC heap after
{Heap after GC invocations=40 (full 0):
 garbage-first heap   total 602112K, used 240577K [0x000000070be00000, 0x0000000800000000)
  region size 2048K, 18 young (36864K), 18 survivors (36864K)
 Metaspace       used 75953K, committed 76928K, reserved 1179648K
  class space    used 8698K, committed 9152K, reserved 1048576K
}
Event: 13.757 GC heap before
{Heap before GC invocations=40 (full 0):
 garbage-first heap   total 602112K, used 472001K [0x000000070be00000, 0x0000000800000000)
  region size 2048K, 130 young (266240K), 18 survivors (36864K)
 Metaspace       used 75955K, committed 76928K, reserved 1179648K
  class space    used 8698K, committed 9152K, reserved 1048576K
}
Event: 13.801 GC heap after
{Heap after GC invocations=41 (full 0):
 garbage-first heap   total 602112K, used 286468K [0x000000070be00000, 0x0000000800000000)
  region size 2048K, 17 young (34816K), 17 survivors (34816K)
 Metaspace       used 75955K, committed 76928K, reserved 1179648K
  class space    used 8698K, committed 9152K, reserved 1048576K
}
Event: 14.504 GC heap before
{Heap before GC invocations=41 (full 0):
 garbage-first heap   total 602112K, used 493316K [0x000000070be00000, 0x0000000800000000)
  region size 2048K, 118 young (241664K), 17 survivors (34816K)
 Metaspace       used 76118K, committed 77056K, reserved 1179648K
  class space    used 8705K, committed 9152K, reserved 1048576K
}
Event: 14.562 GC heap after
{Heap after GC invocations=42 (full 0):
 garbage-first heap   total 602112K, used 328585K [0x000000070be00000, 0x0000000800000000)
  region size 2048K, 15 young (30720K), 15 survivors (30720K)
 Metaspace       used 76118K, committed 77056K, reserved 1179648K
  class space    used 8705K, committed 9152K, reserved 1048576K
}
Event: 14.961 GC heap before
{Heap before GC invocations=42 (full 0):
 garbage-first heap   total 602112K, used 508809K [0x000000070be00000, 0x0000000800000000)
  region size 2048K, 103 young (210944K), 15 survivors (30720K)
 Metaspace       used 76119K, committed 77056K, reserved 1179648K
  class space    used 8705K, committed 9152K, reserved 1048576K
}
Event: 15.015 GC heap after
{Heap after GC invocations=43 (full 0):
 garbage-first heap   total 1019904K, used 362377K [0x000000070be00000, 0x0000000800000000)
  region size 2048K, 13 young (26624K), 13 survivors (26624K)
 Metaspace       used 76119K, committed 77056K, reserved 1179648K
  class space    used 8705K, committed 9152K, reserved 1048576K
}
Event: 292.943 GC heap before
{Heap before GC invocations=44 (full 0):
 garbage-first heap   total 1019904K, used 819081K [0x000000070be00000, 0x0000000800000000)
  region size 2048K, 236 young (483328K), 13 survivors (26624K)
 Metaspace       used 76953K, committed 77952K, reserved 1179648K
  class space    used 8742K, committed 9216K, reserved 1048576K
}

