# JRE version: OpenJDK Runtime Environment (21.0.10+7) (build 21.0.10+7-Ubuntu-124.04)
# Java VM: OpenJDK 64-Bit Server VM (21.0.10+7-Ubuntu-124.04, mixed mode, sharing, tiered, compressed oops, compressed class ptrs, g1 gc, linux-amd64)
GC Precious Log:
 CardTable entry size: 512
 Card Set container configuration: InlinePtr #cards 4 size 8 Array Of Cards #cards 16 size 48 Howl #buckets 8 coarsen threshold 3686 Howl Bitmap #cards 512 size 80 coarsen threshold 460 Card regions per heap region 1 cards per card region 4096
 CPUs: 8 total, 8 available
 Memory: 15623M
 Large Page Support: Disabled
 NUMA Support: Disabled
 Compressed Oops: Enabled (Zero based)
 Heap Region Size: 2M
 Heap Min Capacity: 8M
 Heap Initial Capacity: 246M
 Heap Max Capacity: 3906M
 Pre-touch: Disabled
 Parallel Workers: 8
 Concurrent Workers: 2
 Concurrent Refinement Workers: 8
 Periodic GC: Disabled
Heap:
 garbage-first heap   total 512000K, used 411857K [0x000000070be00000, 0x0000000800000000)
  region size 2048K, 127 young (260096K), 15 survivors (30720K)
 Metaspace       used 76775K, committed 77760K, reserved 1179648K
  class space    used 8761K, committed 9216K, reserved 1048576K
GC Heap History (20 events):
Event: 10.033 GC heap after
{Heap after GC invocations=31 (full 0):
 garbage-first heap   total 153600K, used 96446K [0x000000070be00000, 0x0000000800000000)
  region size 2048K, 3 young (6144K), 3 survivors (6144K)
 Metaspace       used 76096K, committed 76992K, reserved 1179648K
  class space    used 8729K, committed 9152K, reserved 1048576K
}
Event: 10.154 GC heap before
{Heap before GC invocations=31 (full 0):
 garbage-first heap   total 153600K, used 135358K [0x000000070be00000, 0x0000000800000000)
  region size 2048K, 22 young (45056K), 3 survivors (6144K)
 Metaspace       used 76174K, committed 77120K, reserved 1179648K
  class space    used 8729K, committed 9152K, reserved 1048576K
}
Event: 10.160 GC heap after
{Heap after GC invocations=32 (full 0):
 garbage-first heap   total 153600K, used 101192K [0x000000070be00000, 0x0000000800000000)
  region size 2048K, 3 young (6144K), 3 survivors (6144K)
 Metaspace       used 76174K, committed 77120K, reserved 1179648K
  class space    used 8729K, committed 9152K, reserved 1048576K
}
Event: 10.288 GC heap before
{Heap before GC invocations=32 (full 0):
 garbage-first heap   total 172032K, used 136008K [0x000000070be00000, 0x0000000800000000)
  region size 2048K, 21 young (43008K), 3 survivors (6144K)
 Metaspace       used 76194K, committed 77120K, reserved 1179648K
  class space    used 8729K, committed 9152K, reserved 1048576K
}
Event: 10.294 GC heap after
{Heap after GC invocations=33 (full 0):
 garbage-first heap   total 172032K, used 104264K [0x000000070be00000, 0x0000000800000000)
  region size 2048K, 2 young (4096K), 2 survivors (4096K)
 Metaspace       used 76194K, committed 77120K, reserved 1179648K
  class space    used 8729K, committed 9152K, reserved 1048576K
}
Event: 10.556 GC heap before
{Heap before GC invocations=34 (full 0):
 garbage-first heap   total 172032K, used 153416K [0x000000070be00000, 0x0000000800000000)
  region size 2048K, 26 young (53248K), 2 survivors (4096K)
 Metaspace       used 76418K, committed 77440K, reserved 1179648K
  class space    used 8753K, committed 9216K, reserved 1048576K
}
Event: 10.563 GC heap after
{Heap after GC invocations=35 (full 0):
 garbage-first heap   total 172032K, used 111319K [0x000000070be00000, 0x0000000800000000)
  region size 2048K, 4 young (8192K), 4 survivors (8192K)
 Metaspace       used 76418K, committed 77440K, reserved 1179648K
  class space    used 8753K, committed 9216K, reserved 1048576K
}
Event: 10.730 GC heap before
{Heap before GC invocations=35 (full 0):
 garbage-first heap   total 172032K, used 154327K [0x000000070be00000, 0x0000000800000000)
  region size 2048K, 25 young (51200K), 4 survivors (8192K)
 Metaspace       used 76622K, committed 77632K, reserved 1179648K
  class space    used 8758K, committed 9216K, reserved 1048576K
}
Event: 10.741 GC heap after
{Heap after GC invocations=36 (full 0):
 garbage-first heap   total 256000K, used 115924K [0x000000070be00000, 0x0000000800000000)
  region size 2048K, 4 young (8192K), 4 survivors (8192K)
 Metaspace       used 76622K, committed 77632K, reserved 1179648K
  class space    used 8758K, committed 9216K, reserved 1048576K
}
Event: 11.107 GC heap before
{Heap before GC invocations=36 (full 0):
 garbage-first heap   total 256000K, used 218324K [0x000000070be00000, 0x0000000800000000)
  region size 2048K, 54 young (110592K), 4 survivors (8192K)
 Metaspace       used 76681K, committed 77696K, reserved 1179648K
  class space    used 8760K, committed 9216K, reserved 1048576K
}
Event: 11.121 GC heap after
{Heap after GC invocations=37 (full 0):
 garbage-first heap   total 256000K, used 133483K [0x000000070be00000, 0x0000000800000000)
  region size 2048K, 7 young (14336K), 7 survivors (14336K)
 Metaspace       used 76681K, committed 77696K, reserved 1179648K
  class space    used 8760K, committed 9216K, reserved 1048576K
}
Event: 11.417 GC heap before
{Heap before GC invocations=38 (full 0):
 garbage-first heap   total 256000K, used 219499K [0x000000070be00000, 0x0000000800000000)
  region size 2048K, 49 young (100352K), 7 survivors (14336K)
 Metaspace       used 76712K, committed 77696K, reserved 1179648K
  class space    used 8760K, committed 9216K, reserved 1048576K
}
Event: 11.435 GC heap after
{Heap after GC invocations=39 (full 0):
 garbage-first heap   total 256000K, used 150992K [0x000000070be00000, 0x0000000800000000)
  region size 2048K, 7 young (14336K), 7 survivors (14336K)
 Metaspace       used 76712K, committed 77696K, reserved 1179648K
  class space    used 8760K, committed 9216K, reserved 1048576K
}
Event: 11.615 GC heap before
{Heap before GC invocations=39 (full 0):
 garbage-first heap   total 256000K, used 224720K [0x000000070be00000, 0x0000000800000000)
  region size 2048K, 43 young (88064K), 7 survivors (14336K)
 Metaspace       used 76731K, committed 77696K, reserved 1179648K
  class space    used 8760K, committed 9216K, reserved 1048576K
}
Event: 11.633 GC heap after
{Heap after GC invocations=40 (full 0):
 garbage-first heap   total 256000K, used 163814K [0x000000070be00000, 0x0000000800000000)
  region size 2048K, 6 young (12288K), 6 survivors (12288K)
 Metaspace       used 76731K, committed 77696K, reserved 1179648K
  class space    used 8760K, committed 9216K, reserved 1048576K
}
Event: 11.773 GC heap before
{Heap before GC invocations=40 (full 0):
 garbage-first heap   total 256000K, used 229350K [0x000000070be00000, 0x0000000800000000)
  region size 2048K, 38 young (77824K), 6 survivors (12288K)
 Metaspace       used 76733K, committed 77696K, reserved 1179648K
  class space    used 8760K, committed 9216K, reserved 1048576K
}
Event: 11.786 GC heap after
{Heap after GC invocations=41 (full 0):
 garbage-first heap   total 256000K, used 174330K [0x000000070be00000, 0x0000000800000000)
  region size 2048K, 5 young (10240K), 5 survivors (10240K)
 Metaspace       used 76733K, committed 77696K, reserved 1179648K
  class space    used 8760K, committed 9216K, reserved 1048576K
}
Event: 11.945 GC heap before
{Heap before GC invocations=41 (full 0):
 garbage-first heap   total 256000K, used 231674K [0x000000070be00000, 0x0000000800000000)
  region size 2048K, 33 young (67584K), 5 survivors (10240K)
 Metaspace       used 76755K, committed 77760K, reserved 1179648K
  class space    used 8760K, committed 9216K, reserved 1048576K
}
Event: 11.955 GC heap after
{Heap after GC invocations=42 (full 0):
 garbage-first heap   total 512000K, used 182481K [0x000000070be00000, 0x0000000800000000)
  region size 2048K, 5 young (10240K), 5 survivors (10240K)
 Metaspace       used 76755K, committed 77760K, reserved 1179648K
  class space    used 8760K, committed 9216K, reserved 1048576K
}
Event: 12.748 GC heap before
{Heap before GC invocations=43 (full 0):
 garbage-first heap   total 512000K, used 411857K [0x000000070be00000, 0x0000000800000000)
  region size 2048K, 117 young (239616K), 5 survivors (10240K)
 Metaspace       used 76775K, committed 77760K, reserved 1179648K
  class space    used 8761K, committed 9216K, reserved 1048576K
}

