# JRE version: OpenJDK Runtime Environment (21.0.10+7) (build 21.0.10+7-Ubuntu-124.04)
# Java VM: OpenJDK 64-Bit Server VM (21.0.10+7-Ubuntu-124.04, mixed mode, sharing, tiered, compressed oops, compressed class ptrs, g1 gc, linux-amd64)
GC Precious Log:
 CardTable entry size: 512
 Card Set container configuration: InlinePtr #cards 5 size 8 Array Of Cards #cards 12 size 40 Howl #buckets 4 coarsen threshold 1843 Howl Bitmap #cards 512 size 80 coarsen threshold 460 Card regions per heap region 1 cards per card region 2048
 CPUs: 8 total, 8 available
 Memory: 15623M
 Large Page Support: Disabled
 NUMA Support: Disabled
 Compressed Oops: Enabled (32-bit)
 Heap Region Size: 1M
 Heap Min Capacity: 256M
 Heap Initial Capacity: 256M
 Heap Max Capacity: 512M
 Pre-touch: Disabled
 Parallel Workers: 8
 Concurrent Workers: 2
 Concurrent Refinement Workers: 8
 Periodic GC: Disabled
Heap:
 garbage-first heap   total 398336K, used 353280K [0x00000000e0000000, 0x0000000100000000)
  region size 1024K, 104 young (106496K), 6 survivors (6144K)
 Metaspace       used 72028K, committed 74176K, reserved 393216K
  class space    used 10334K, committed 11392K, reserved 327680K
GC Heap History (20 events):
Event: 239.298 GC heap after
{Heap after GC invocations=38 (full 0):
 garbage-first heap   total 342016K, used 205824K [0x00000000e0000000, 0x0000000100000000)
  region size 1024K, 12 young (12288K), 12 survivors (12288K)
 Metaspace       used 72022K, committed 74176K, reserved 393216K
  class space    used 10334K, committed 11392K, reserved 327680K
}
Event: 240.090 GC heap before
{Heap before GC invocations=38 (full 0):
 garbage-first heap   total 342016K, used 300032K [0x00000000e0000000, 0x0000000100000000)
  region size 1024K, 104 young (106496K), 12 survivors (12288K)
 Metaspace       used 72022K, committed 74176K, reserved 393216K
  class space    used 10334K, committed 11392K, reserved 327680K
}
Event: 240.172 GC heap after
{Heap after GC invocations=39 (full 0):
 garbage-first heap   total 342016K, used 218112K [0x00000000e0000000, 0x0000000100000000)
  region size 1024K, 13 young (13312K), 13 survivors (13312K)
 Metaspace       used 72022K, committed 74176K, reserved 393216K
  class space    used 10334K, committed 11392K, reserved 327680K
}
Event: 240.824 GC heap before
{Heap before GC invocations=39 (full 0):
 garbage-first heap   total 342016K, used 303104K [0x00000000e0000000, 0x0000000100000000)
  region size 1024K, 96 young (98304K), 13 survivors (13312K)
 Metaspace       used 72022K, committed 74176K, reserved 393216K
  class space    used 10334K, committed 11392K, reserved 327680K
}
Event: 240.895 GC heap after
{Heap after GC invocations=40 (full 0):
 garbage-first heap   total 342016K, used 236544K [0x00000000e0000000, 0x0000000100000000)
  region size 1024K, 12 young (12288K), 12 survivors (12288K)
 Metaspace       used 72022K, committed 74176K, reserved 393216K
  class space    used 10334K, committed 11392K, reserved 327680K
}
Event: 241.601 GC heap before
{Heap before GC invocations=41 (full 0):
 garbage-first heap   total 342016K, used 271360K [0x00000000e0000000, 0x0000000100000000)
  region size 1024K, 83 young (84992K), 12 survivors (12288K)
 Metaspace       used 72022K, committed 74176K, reserved 393216K
  class space    used 10334K, committed 11392K, reserved 327680K
}
Event: 241.668 GC heap after
{Heap after GC invocations=42 (full 0):
 garbage-first heap   total 342016K, used 214961K [0x00000000e0000000, 0x0000000100000000)
  region size 1024K, 11 young (11264K), 11 survivors (11264K)
 Metaspace       used 72022K, committed 74176K, reserved 393216K
  class space    used 10334K, committed 11392K, reserved 327680K
}
Event: 242.350 GC heap before
{Heap before GC invocations=42 (full 0):
 garbage-first heap   total 342016K, used 303025K [0x00000000e0000000, 0x0000000100000000)
  region size 1024K, 97 young (99328K), 11 survivors (11264K)
 Metaspace       used 72022K, committed 74176K, reserved 393216K
  class space    used 10334K, committed 11392K, reserved 327680K
}
Event: 242.419 GC heap after
{Heap after GC invocations=43 (full 0):
 garbage-first heap   total 342016K, used 227723K [0x00000000e0000000, 0x0000000100000000)
  region size 1024K, 13 young (13312K), 13 survivors (13312K)
 Metaspace       used 72022K, committed 74176K, reserved 393216K
  class space    used 10334K, committed 11392K, reserved 327680K
}
Event: 242.988 GC heap before
{Heap before GC invocations=43 (full 0):
 garbage-first heap   total 342016K, used 305547K [0x00000000e0000000, 0x0000000100000000)
  region size 1024K, 89 young (91136K), 13 survivors (13312K)
 Metaspace       used 72022K, committed 74176K, reserved 393216K
  class space    used 10334K, committed 11392K, reserved 327680K
}
Event: 243.058 GC heap after
{Heap after GC invocations=44 (full 0):
 garbage-first heap   total 370688K, used 244477K [0x00000000e0000000, 0x0000000100000000)
  region size 1024K, 12 young (12288K), 12 survivors (12288K)
 Metaspace       used 72022K, committed 74176K, reserved 393216K
  class space    used 10334K, committed 11392K, reserved 327680K
}
Event: 243.894 GC heap before
{Heap before GC invocations=45 (full 0):
 garbage-first heap   total 370688K, used 304893K [0x00000000e0000000, 0x0000000100000000)
  region size 1024K, 97 young (99328K), 12 survivors (12288K)
 Metaspace       used 72022K, committed 74176K, reserved 393216K
  class space    used 10334K, committed 11392K, reserved 327680K
}
Event: 243.952 GC heap after
{Heap after GC invocations=46 (full 0):
 garbage-first heap   total 370688K, used 236431K [0x00000000e0000000, 0x0000000100000000)
  region size 1024K, 13 young (13312K), 13 survivors (13312K)
 Metaspace       used 72022K, committed 74176K, reserved 393216K
  class space    used 10334K, committed 11392K, reserved 327680K
}
Event: 244.763 GC heap before
{Heap before GC invocations=46 (full 0):
 garbage-first heap   total 370688K, used 328591K [0x00000000e0000000, 0x0000000100000000)
  region size 1024K, 103 young (105472K), 13 survivors (13312K)
 Metaspace       used 72022K, committed 74176K, reserved 393216K
  class space    used 10334K, committed 11392K, reserved 327680K
}
Event: 244.841 GC heap after
{Heap after GC invocations=47 (full 0):
 garbage-first heap   total 370688K, used 249856K [0x00000000e0000000, 0x0000000100000000)
  region size 1024K, 13 young (13312K), 13 survivors (13312K)
 Metaspace       used 72022K, committed 74176K, reserved 393216K
  class space    used 10334K, committed 11392K, reserved 327680K
}
Event: 245.549 GC heap before
{Heap before GC invocations=47 (full 0):
 garbage-first heap   total 370688K, used 332800K [0x00000000e0000000, 0x0000000100000000)
  region size 1024K, 94 young (96256K), 13 survivors (13312K)
 Metaspace       used 72023K, committed 74176K, reserved 393216K
  class space    used 10334K, committed 11392K, reserved 327680K
}
Event: 245.615 GC heap after
{Heap after GC invocations=48 (full 0):
 garbage-first heap   total 370688K, used 267708K [0x00000000e0000000, 0x0000000100000000)
  region size 1024K, 12 young (12288K), 12 survivors (12288K)
 Metaspace       used 72023K, committed 74176K, reserved 393216K
  class space    used 10334K, committed 11392K, reserved 327680K
}
Event: 246.285 GC heap before
{Heap before GC invocations=49 (full 0):
 garbage-first heap   total 398336K, used 308668K [0x00000000e0000000, 0x0000000100000000)
  region size 1024K, 81 young (82944K), 12 survivors (12288K)
 Metaspace       used 72023K, committed 74176K, reserved 393216K
  class space    used 10334K, committed 11392K, reserved 327680K
}
Event: 246.348 GC heap after
{Heap after GC invocations=50 (full 0):
 garbage-first heap   total 398336K, used 252928K [0x00000000e0000000, 0x0000000100000000)
  region size 1024K, 11 young (11264K), 11 survivors (11264K)
 Metaspace       used 72023K, committed 74176K, reserved 393216K
  class space    used 10334K, committed 11392K, reserved 327680K
}
Event: 247.286 GC heap before
{Heap before GC invocations=50 (full 0):
 garbage-first heap   total 398336K, used 353280K [0x00000000e0000000, 0x0000000100000000)
  region size 1024K, 109 young (111616K), 11 survivors (11264K)
 Metaspace       used 72028K, committed 74176K, reserved 393216K
  class space    used 10334K, committed 11392K, reserved 327680K
}

